<?xml version="1.0" encoding="UTF-8"?>
<!-- Generated by org.testng.reporters.JUnitReportReporter -->
<testsuite hostname="LAPTOP-2OD9FJD5" failures="0" tests="1" name="TestCases.TC002_ProfileUpdateDaily" time="9.249" errors="0" timestamp="2024-09-18T20:41:15 IST" skipped="0">
  <testcase classname="TestCases.TC002_ProfileUpdateDaily" name="ProfileUpdate" time="9.249"/>
</testsuite> <!-- TestCases.TC002_ProfileUpdateDaily -->
